<?xml version="1.0" encoding="UTF-8"?>
<testsuite name="Test"
           tests="46"
           failures="3"
           errors="0"
           skipped="0"
           time="68,226">
  <properties />
            <testcase name="checkLocationValidate" time="5,171" classname="tests.web.SmokeRegistrationTS">
                <failure type="junit.framework.AssertionFailedError"
                  message="expected:&lt;true&gt; but was:&lt;false&gt;"
              >
<![CDATA[junit.framework.AssertionFailedError: expected:<true> but was:<false>
  junit.framework.Assert.fail(Assert.java:50)
  junit.framework.Assert.failNotEquals(Assert.java:287)
  junit.framework.Assert.assertEquals(Assert.java:67)
  junit.framework.Assert.assertEquals(Assert.java:147)
  junit.framework.Assert.assertEquals(Assert.java:153)
  tests.web.SmokeRegistrationTS.checkLocationValidate(SmokeRegistrationTS.java:140)
  sun.reflect.NativeMethodAccessorImpl.invoke0(Native Method)
  sun.reflect.NativeMethodAccessorImpl.invoke(Unknown Source)
  sun.reflect.DelegatingMethodAccessorImpl.invoke(Unknown Source)
  java.lang.reflect.Method.invoke(Unknown Source)
  org.testng.internal.MethodInvocationHelper.invokeMethod(MethodInvocationHelper.java:84)
  org.testng.internal.Invoker.invokeMethod(Invoker.java:714)
  org.testng.internal.Invoker.invokeTestMethod(Invoker.java:901)
  org.testng.internal.Invoker.invokeTestMethods(Invoker.java:1231)
  org.testng.internal.TestMethodWorker.invokeTestMethods(TestMethodWorker.java:127)
  org.testng.internal.TestMethodWorker.run(TestMethodWorker.java:111)
  org.testng.TestRunner.privateRun(TestRunner.java:767)
  org.testng.TestRunner.run(TestRunner.java:617)
  org.testng.SuiteRunner.runTest(SuiteRunner.java:335)
  org.testng.SuiteRunner.runSequentially(SuiteRunner.java:330)
  org.testng.SuiteRunner.privateRun(SuiteRunner.java:291)
  org.testng.SuiteRunner.run(SuiteRunner.java:240)
  org.testng.SuiteRunnerWorker.runSuite(SuiteRunnerWorker.java:52)
  org.testng.SuiteRunnerWorker.run(SuiteRunnerWorker.java:86)
  org.testng.TestNG.runSuitesSequentially(TestNG.java:1224)
  org.testng.TestNG.runSuitesLocally(TestNG.java:1149)
  org.testng.TestNG.run(TestNG.java:1057)
  org.testng.TestNG.privateMain(TestNG.java:1364)
  org.testng.TestNG.main(TestNG.java:1333)
]]>
      </failure>

          </testcase>
            <testcase name="confirmUser" time="9,975" classname="tests.web.SmokeRegistrationTS">
                <failure type="java.lang.NullPointerException"
                  message="(null)"
              >
<![CDATA[java.lang.NullPointerException
  tests.web.SmokeRegistrationTS.confirmUser(SmokeRegistrationTS.java:217)
  sun.reflect.NativeMethodAccessorImpl.invoke0(Native Method)
  sun.reflect.NativeMethodAccessorImpl.invoke(Unknown Source)
  sun.reflect.DelegatingMethodAccessorImpl.invoke(Unknown Source)
  java.lang.reflect.Method.invoke(Unknown Source)
  org.testng.internal.MethodInvocationHelper.invokeMethod(MethodInvocationHelper.java:84)
  org.testng.internal.Invoker.invokeMethod(Invoker.java:714)
  org.testng.internal.Invoker.invokeTestMethod(Invoker.java:901)
  org.testng.internal.Invoker.invokeTestMethods(Invoker.java:1231)
  org.testng.internal.TestMethodWorker.invokeTestMethods(TestMethodWorker.java:127)
  org.testng.internal.TestMethodWorker.run(TestMethodWorker.java:111)
  org.testng.TestRunner.privateRun(TestRunner.java:767)
  org.testng.TestRunner.run(TestRunner.java:617)
  org.testng.SuiteRunner.runTest(SuiteRunner.java:335)
  org.testng.SuiteRunner.runSequentially(SuiteRunner.java:330)
  org.testng.SuiteRunner.privateRun(SuiteRunner.java:291)
  org.testng.SuiteRunner.run(SuiteRunner.java:240)
  org.testng.SuiteRunnerWorker.runSuite(SuiteRunnerWorker.java:52)
  org.testng.SuiteRunnerWorker.run(SuiteRunnerWorker.java:86)
  org.testng.TestNG.runSuitesSequentially(TestNG.java:1224)
  org.testng.TestNG.runSuitesLocally(TestNG.java:1149)
  org.testng.TestNG.run(TestNG.java:1057)
  org.testng.TestNG.privateMain(TestNG.java:1364)
  org.testng.TestNG.main(TestNG.java:1333)
]]>
      </failure>

          </testcase>
            <testcase name="checkPasswordValidate" time="5,237" classname="tests.web.SmokeRegistrationTS">
                <failure type="junit.framework.AssertionFailedError"
                  message="expected:&lt;true&gt; but was:&lt;false&gt;"
              >
<![CDATA[junit.framework.AssertionFailedError: expected:<true> but was:<false>
  junit.framework.Assert.fail(Assert.java:50)
  junit.framework.Assert.failNotEquals(Assert.java:287)
  junit.framework.Assert.assertEquals(Assert.java:67)
  junit.framework.Assert.assertEquals(Assert.java:147)
  junit.framework.Assert.assertEquals(Assert.java:153)
  tests.web.SmokeRegistrationTS.checkPasswordValidate(SmokeRegistrationTS.java:133)
  sun.reflect.GeneratedMethodAccessor5.invoke(Unknown Source)
  sun.reflect.DelegatingMethodAccessorImpl.invoke(Unknown Source)
  java.lang.reflect.Method.invoke(Unknown Source)
  org.testng.internal.MethodInvocationHelper.invokeMethod(MethodInvocationHelper.java:84)
  org.testng.internal.Invoker.invokeMethod(Invoker.java:714)
  org.testng.internal.Invoker.invokeTestMethod(Invoker.java:901)
  org.testng.internal.Invoker.invokeTestMethods(Invoker.java:1231)
  org.testng.internal.TestMethodWorker.invokeTestMethods(TestMethodWorker.java:127)
  org.testng.internal.TestMethodWorker.run(TestMethodWorker.java:111)
  org.testng.TestRunner.privateRun(TestRunner.java:767)
  org.testng.TestRunner.run(TestRunner.java:617)
  org.testng.SuiteRunner.runTest(SuiteRunner.java:335)
  org.testng.SuiteRunner.runSequentially(SuiteRunner.java:330)
  org.testng.SuiteRunner.privateRun(SuiteRunner.java:291)
  org.testng.SuiteRunner.run(SuiteRunner.java:240)
  org.testng.SuiteRunnerWorker.runSuite(SuiteRunnerWorker.java:52)
  org.testng.SuiteRunnerWorker.run(SuiteRunnerWorker.java:86)
  org.testng.TestNG.runSuitesSequentially(TestNG.java:1224)
  org.testng.TestNG.runSuitesLocally(TestNG.java:1149)
  org.testng.TestNG.run(TestNG.java:1057)
  org.testng.TestNG.privateMain(TestNG.java:1364)
  org.testng.TestNG.main(TestNG.java:1333)
]]>
      </failure>

          </testcase>
  
  
            <testcase name="checkAgeValidate" time="0,147" classname="tests.web.SmokeRegistrationTS" />
                <testcase name="checkPostConfirmBirthday" time="0,500" classname="tests.web.SmokeRegistrationTS" />
                <testcase name="checkPasswordValidate" time="0,184" classname="tests.web.SmokeRegistrationTS" />
                <testcase name="registerTest" time="6,494" classname="tests.web.SmokeRegistrationTS" />
                <testcase name="checkLocationValidate" time="5,270" classname="tests.web.SmokeRegistrationTS" />
                <testcase name="checkPasswordValidate" time="0,161" classname="tests.web.SmokeRegistrationTS" />
                <testcase name="checkPasswordValidate" time="0,161" classname="tests.web.SmokeRegistrationTS" />
                <testcase name="checkPasswordValidate" time="0,145" classname="tests.web.SmokeRegistrationTS" />
                <testcase name="checkAgeValidate" time="5,869" classname="tests.web.SmokeRegistrationTS" />
                <testcase name="checkPasswordValidate" time="0,163" classname="tests.web.SmokeRegistrationTS" />
                <testcase name="checkPasswordValidate" time="0,142" classname="tests.web.SmokeRegistrationTS" />
                <testcase name="checkPasswordValidate" time="0,196" classname="tests.web.SmokeRegistrationTS" />
                <testcase name="checkPasswordValidate" time="0,146" classname="tests.web.SmokeRegistrationTS" />
                <testcase name="checkPasswordValidate" time="0,165" classname="tests.web.SmokeRegistrationTS" />
                <testcase name="checkPasswordValidate" time="0,147" classname="tests.web.SmokeRegistrationTS" />
                <testcase name="confirmTest" time="15,755" classname="tests.web.SmokeRegistrationTS" />
                <testcase name="checkPasswordValidate" time="5,256" classname="tests.web.SmokeRegistrationTS" />
                <testcase name="checkPasswordValidate" time="0,144" classname="tests.web.SmokeRegistrationTS" />
                <testcase name="checkPasswordValidate" time="0,153" classname="tests.web.SmokeRegistrationTS" />
                <testcase name="checkPostConfirmBirthday" time="0,483" classname="tests.web.SmokeRegistrationTS" />
                <testcase name="checkPasswordValidate" time="0,150" classname="tests.web.SmokeRegistrationTS" />
                <testcase name="checkAgeValidate" time="0,172" classname="tests.web.SmokeRegistrationTS" />
                <testcase name="checkPasswordValidate" time="0,151" classname="tests.web.SmokeRegistrationTS" />
                <testcase name="checkAgeValidate" time="0,653" classname="tests.web.SmokeRegistrationTS" />
                <testcase name="checkPostConfirmBirthday" time="0,714" classname="tests.web.SmokeRegistrationTS" />
                <testcase name="checkPasswordValidate" time="0,155" classname="tests.web.SmokeRegistrationTS" />
                <testcase name="checkPostConfirmScreennameVariant" time="1,006" classname="tests.web.SmokeRegistrationTS" />
                <testcase name="checkPasswordValidate" time="0,172" classname="tests.web.SmokeRegistrationTS" />
                <testcase name="checkPasswordValidate" time="0,141" classname="tests.web.SmokeRegistrationTS" />
                <testcase name="checkLocationValidate" time="0,436" classname="tests.web.SmokeRegistrationTS" />
                <testcase name="checkPasswordValidate" time="0,263" classname="tests.web.SmokeRegistrationTS" />
                <testcase name="checkPasswordValidate" time="0,155" classname="tests.web.SmokeRegistrationTS" />
                <testcase name="checkPasswordValidate" time="0,179" classname="tests.web.SmokeRegistrationTS" />
                <testcase name="checkPasswordValidate" time="0,146" classname="tests.web.SmokeRegistrationTS" />
                <testcase name="checkPasswordValidate" time="0,145" classname="tests.web.SmokeRegistrationTS" />
                <testcase name="checkPasswordValidate" time="0,160" classname="tests.web.SmokeRegistrationTS" />
                <testcase name="checkPasswordValidate" time="0,151" classname="tests.web.SmokeRegistrationTS" />
                <testcase name="checkPasswordValidate" time="0,309" classname="tests.web.SmokeRegistrationTS" />
                <testcase name="checkPasswordValidate" time="0,147" classname="tests.web.SmokeRegistrationTS" />
                <testcase name="checkAgeValidate" time="0,302" classname="tests.web.SmokeRegistrationTS" />
                <testcase name="checkPasswordValidate" time="0,162" classname="tests.web.SmokeRegistrationTS" />
                <testcase name="checkPasswordValidate" time="0,144" classname="tests.web.SmokeRegistrationTS" />
                <testcase name="checkPasswordValidate" time="0,149" classname="tests.web.SmokeRegistrationTS" />
      
</testsuite>
